<?xml version="1.0" encoding="UTF-8"?>
<testsuite errors="0" failures="0" hostname="PVeentjer.local" name="org.multiverse.collections.NaiveTransactionalLinkedList_lastIndexOfTest" tests="5" time="0.0080" timestamp="2012-01-23T21:03:21">
  <properties />
  <testcase classname="org.multiverse.collections.NaiveTransactionalLinkedList_lastIndexOfTest" name="whenNullItem_thenMinusOne" time="0.0010" />
  <testcase classname="org.multiverse.collections.NaiveTransactionalLinkedList_lastIndexOfTest" name="whenEmptyList" time="0.0010" />
  <testcase classname="org.multiverse.collections.NaiveTransactionalLinkedList_lastIndexOfTest" name="whenNotFound_thenMinusOne" time="0.0010" />
  <testcase classname="org.multiverse.collections.NaiveTransactionalLinkedList_lastIndexOfTest" name="whenOnlyOnceInCollection" time="0.0" />
  <testcase classname="org.multiverse.collections.NaiveTransactionalLinkedList_lastIndexOfTest" name="whenMultipleTimesInCollection" time="0.0" />
  <system-out><![CDATA[]]></system-out>
  <system-err><![CDATA[]]></system-err>
</testsuite>
