<?xml version="1.0" encoding="UTF-8"?>
<testsuite errors="0" failures="0" hostname="PVeentjer.local" name="org.multiverse.collections.NaiveTransactionalHashMap_clearTest" tests="3" time="0.062" timestamp="2012-01-23T21:03:20">
  <properties />
  <testcase classname="org.multiverse.collections.NaiveTransactionalHashMap_clearTest" name="whenNotEmpty" time="0.0030" />
  <testcase classname="org.multiverse.collections.NaiveTransactionalHashMap_clearTest" name="whenManyItems" time="0.056" />
  <testcase classname="org.multiverse.collections.NaiveTransactionalHashMap_clearTest" name="whenEmpty" time="0.0010" />
  <system-out><![CDATA[]]></system-out>
  <system-err><![CDATA[]]></system-err>
</testsuite>
