<?xml version="1.0" encoding="UTF-8"?>
<testsuite errors="0" failures="0" hostname="PVeentjer.local" name="org.multiverse.collections.NaiveTransactionalLinkedList_removeFirstOccurrenceTest" tests="1" time="0.0010" timestamp="2012-01-23T21:03:21">
  <properties />
  <ignored-testcase classname="org.multiverse.collections.NaiveTransactionalLinkedList_removeFirstOccurrenceTest" name="test" time="0.0" />
  <system-out><![CDATA[]]></system-out>
  <system-err><![CDATA[]]></system-err>
</testsuite>
