<?xml version="1.0" encoding="UTF-8"?>
<testsuite errors="0" failures="0" hostname="PVeentjer.local" name="org.multiverse.collections.NaiveTransactionalStack_containsTest" tests="4" time="0.0050" timestamp="2012-01-23T21:03:21">
  <properties />
  <testcase classname="org.multiverse.collections.NaiveTransactionalStack_containsTest" name="whenNullItem" time="0.0" />
  <testcase classname="org.multiverse.collections.NaiveTransactionalStack_containsTest" name="whenContainsItem" time="0.0" />
  <testcase classname="org.multiverse.collections.NaiveTransactionalStack_containsTest" name="whenEmptyStack" time="0.0" />
  <testcase classname="org.multiverse.collections.NaiveTransactionalStack_containsTest" name="whenStackDoesntContainItem" time="0.0" />
  <system-out><![CDATA[]]></system-out>
  <system-err><![CDATA[]]></system-err>
</testsuite>
