<?xml version="1.0" encoding="UTF-8"?>
<testsuite errors="0" failures="0" hostname="PVeentjer.local" name="org.multiverse.commitbarriers.CountDownCommitBarrier_joinCommitUninterruptiblyTest" tests="9" time="0.01" timestamp="2012-01-23T21:03:32">
  <properties />
  <testcase classname="org.multiverse.commitbarriers.CountDownCommitBarrier_joinCommitUninterruptiblyTest" name="whenAborted_thenCommitBarrierOpenException" time="0.0" />
  <testcase classname="org.multiverse.commitbarriers.CountDownCommitBarrier_joinCommitUninterruptiblyTest" name="whenCommitted_thenCommitBarrierOpenException" time="0.0" />
  <testcase classname="org.multiverse.commitbarriers.CountDownCommitBarrier_joinCommitUninterruptiblyTest" name="whenOpenAndNullTransaction_thenNullPointerException" time="0.0" />
  <testcase classname="org.multiverse.commitbarriers.CountDownCommitBarrier_joinCommitUninterruptiblyTest" name="whenOpenAndThreadAlreadyInterrupted_thenNotInterruptedButInterruptStatusIsSet" time="0.0" />
  <testcase classname="org.multiverse.commitbarriers.CountDownCommitBarrier_joinCommitUninterruptiblyTest" name="whenOpenAndTransactionActive" time="0.0" />
  <testcase classname="org.multiverse.commitbarriers.CountDownCommitBarrier_joinCommitUninterruptiblyTest" name="whenOpenAndTransactionPrepared" time="0.0" />
  <testcase classname="org.multiverse.commitbarriers.CountDownCommitBarrier_joinCommitUninterruptiblyTest" name="whenOpenAndLastTransaction_thenAllTransactionsCommitted" time="0.0020" />
  <testcase classname="org.multiverse.commitbarriers.CountDownCommitBarrier_joinCommitUninterruptiblyTest" name="whenOpenAndTransactionAborted_thenDeadTransactionException" time="0.0" />
  <testcase classname="org.multiverse.commitbarriers.CountDownCommitBarrier_joinCommitUninterruptiblyTest" name="whenOpenAndTransactionCommitted_thenDeadTransactionException" time="0.0" />
  <system-out><![CDATA[Multiverse > TestThread-38 completed successfully
Multiverse > TestThread-39 completed successfully
]]></system-out>
  <system-err><![CDATA[]]></system-err>
</testsuite>
