<?xml version="1.0" encoding="UTF-8"?>
<testsuite errors="0" failures="0" hostname="PVeentjer.local" name="org.multiverse.commitbarriers.CountDownCommitBarrier_awaitOpenUninterruptiblyTest" tests="6" time="2.51" timestamp="2012-01-23T21:03:24">
  <properties />
  <testcase classname="org.multiverse.commitbarriers.CountDownCommitBarrier_awaitOpenUninterruptiblyTest" name="whenInterruptedWhileWaiting" time="1.001" />
  <testcase classname="org.multiverse.commitbarriers.CountDownCommitBarrier_awaitOpenUninterruptiblyTest" name="whenAbortedWhileWaiting" time="0.501" />
  <testcase classname="org.multiverse.commitbarriers.CountDownCommitBarrier_awaitOpenUninterruptiblyTest" name="whenCommittedWhileWaiting" time="0.501" />
  <testcase classname="org.multiverse.commitbarriers.CountDownCommitBarrier_awaitOpenUninterruptiblyTest" name="whenCommitted" time="0.0" />
  <testcase classname="org.multiverse.commitbarriers.CountDownCommitBarrier_awaitOpenUninterruptiblyTest" name="whenAborted" time="0.0" />
  <testcase classname="org.multiverse.commitbarriers.CountDownCommitBarrier_awaitOpenUninterruptiblyTest" name="whenStartInterrupted" time="0.501" />
  <system-out><![CDATA[Multiverse > TestThread-24 completed successfully
Multiverse > TestThread-25 completed successfully
Multiverse > TestThread-26 completed successfully
Multiverse > TestThread-27 completed successfully
]]></system-out>
  <system-err><![CDATA[]]></system-err>
</testsuite>
