<?xml version="1.0" encoding="UTF-8"?>
<testsuite errors="0" failures="0" hostname="PVeentjer.local" name="org.multiverse.api.functions.FunctionsTest" tests="2" time="0.0070" timestamp="2012-01-23T21:03:20">
  <properties />
  <testcase classname="org.multiverse.api.functions.FunctionsTest" name="testIntIdentityFunction" time="0.0050" />
  <testcase classname="org.multiverse.api.functions.FunctionsTest" name="testLongIdentityFunction" time="0.0" />
  <system-out><![CDATA[]]></system-out>
  <system-err><![CDATA[]]></system-err>
</testsuite>
