<?xml version="1.0" encoding="UTF-8"?>
<testsuite errors="0" failures="0" hostname="PVeentjer.local" name="org.multiverse.api.blocking.DefaultRetryLatch_tryAwaitTest" tests="12" time="2.013" timestamp="2012-01-23T21:03:14">
  <properties />
  <testcase classname="org.multiverse.api.blocking.DefaultRetryLatch_tryAwaitTest" name="whenAlreadyOpenAndSameEra" time="0.0010" />
  <testcase classname="org.multiverse.api.blocking.DefaultRetryLatch_tryAwaitTest" name="whenAlreadyOpenAndDifferentEra" time="0.0" />
  <testcase classname="org.multiverse.api.blocking.DefaultRetryLatch_tryAwaitTest" name="whenClosedButDifferentEra" time="0.0" />
  <testcase classname="org.multiverse.api.blocking.DefaultRetryLatch_tryAwaitTest" name="whenSomeWaitingIsNeeded" time="0.502" />
  <testcase classname="org.multiverse.api.blocking.DefaultRetryLatch_tryAwaitTest" name="whenResetWhileWaiting_thenSleepingThreadsNotified" time="0.501" />
  <testcase classname="org.multiverse.api.blocking.DefaultRetryLatch_tryAwaitTest" name="testAlreadyOpenAndNulTimeout" time="0.0" />
  <testcase classname="org.multiverse.api.blocking.DefaultRetryLatch_tryAwaitTest" name="whenStillClosedAndNulTimeout" time="0.0" />
  <testcase classname="org.multiverse.api.blocking.DefaultRetryLatch_tryAwaitTest" name="whenAlreadyOpenAndNegativeTimeout" time="0.0" />
  <testcase classname="org.multiverse.api.blocking.DefaultRetryLatch_tryAwaitTest" name="whenStillClosedAndNegativeTimeout" time="0.0" />
  <testcase classname="org.multiverse.api.blocking.DefaultRetryLatch_tryAwaitTest" name="whenTimeout" time="1.002" />
  <testcase classname="org.multiverse.api.blocking.DefaultRetryLatch_tryAwaitTest" name="whenStartingInterrupted_thenTransactionInterruptedExceptionAndInterruptedStatusRestored" time="0.0" />
  <testcase classname="org.multiverse.api.blocking.DefaultRetryLatch_tryAwaitTest" name="whenInterruptedWhileWaiting_thenTransactionInterruptedExceptionAndInterruptedStatusRestored" time="0.0010" />
  <system-out><![CDATA[Multiverse > TestThread-8 completed successfully
Multiverse > TestThread-9 completed successfully
Multiverse > TestThread-10 completed successfully
]]></system-out>
  <system-err><![CDATA[]]></system-err>
</testsuite>
