<?xml version="1.0" encoding="UTF-8"?>
<testsuite errors="0" failures="0" hostname="PVeentjer.local" name="org.multiverse.commitbarriers.CountDownCommitBarrier_registerOnCommitTaskTest" tests="6" time="0.0050" timestamp="2012-01-23T21:03:35">
  <properties />
  <testcase classname="org.multiverse.commitbarriers.CountDownCommitBarrier_registerOnCommitTaskTest" name="whenAborted_thenCommitBarrierOpenException" time="0.0010" />
  <testcase classname="org.multiverse.commitbarriers.CountDownCommitBarrier_registerOnCommitTaskTest" name="whenCommitted_thenCommitBarrierOpenException" time="0.0" />
  <testcase classname="org.multiverse.commitbarriers.CountDownCommitBarrier_registerOnCommitTaskTest" name="whenNullTask_thenNullPointerException" time="0.0" />
  <testcase classname="org.multiverse.commitbarriers.CountDownCommitBarrier_registerOnCommitTaskTest" name="whenTaskThrowsRuntimeException_thenOtherTasksNotExecuted" time="0.0" />
  <testcase classname="org.multiverse.commitbarriers.CountDownCommitBarrier_registerOnCommitTaskTest" name="whenAborted_thenTaskNotExecuted" time="0.0" />
  <testcase classname="org.multiverse.commitbarriers.CountDownCommitBarrier_registerOnCommitTaskTest" name="whenCommitted_thenTaskExecuted" time="0.0" />
  <system-out><![CDATA[]]></system-out>
  <system-err><![CDATA[]]></system-err>
</testsuite>
