<?xml version="1.0" encoding="UTF-8"?>
<testsuite errors="0" failures="0" hostname="PVeentjer.local" name="org.multiverse.collections.NaiveTransactionalHashMap_getTest" tests="4" time="0.0050" timestamp="2012-01-23T21:03:20">
  <properties />
  <testcase classname="org.multiverse.collections.NaiveTransactionalHashMap_getTest" name="whenEmpty" time="0.0" />
  <testcase classname="org.multiverse.collections.NaiveTransactionalHashMap_getTest" name="whenNotFound" time="0.0010" />
  <testcase classname="org.multiverse.collections.NaiveTransactionalHashMap_getTest" name="whenFound" time="0.0010" />
  <testcase classname="org.multiverse.collections.NaiveTransactionalHashMap_getTest" name="whenNullKey_thenReturnNull" time="0.0010" />
  <system-out><![CDATA[]]></system-out>
  <system-err><![CDATA[]]></system-err>
</testsuite>
