<?xml version="1.0" encoding="UTF-8"?>
<testsuite errors="0" failures="0" hostname="PVeentjer.local" name="org.multiverse.collections.NaiveTransactionalStack_addTest" tests="4" time="0.0060" timestamp="2012-01-23T21:03:21">
  <properties />
  <testcase classname="org.multiverse.collections.NaiveTransactionalStack_addTest" name="whenNotEmpty" time="0.0" />
  <testcase classname="org.multiverse.collections.NaiveTransactionalStack_addTest" name="whenEmpty" time="0.0010" />
  <testcase classname="org.multiverse.collections.NaiveTransactionalStack_addTest" name="whenNullItem_thenNullPointerException" time="0.0010" />
  <testcase classname="org.multiverse.collections.NaiveTransactionalStack_addTest" name="whenFull" time="0.0" />
  <system-out><![CDATA[]]></system-out>
  <system-err><![CDATA[]]></system-err>
</testsuite>
