<?xml version="1.0" encoding="UTF-8"?>
<testsuite errors="0" failures="0" hostname="PVeentjer.local" name="org.multiverse.collections.NaiveTransactionalLinkedList_peekLastTest" tests="3" time="0.0050" timestamp="2012-01-23T21:03:21">
  <properties />
  <testcase classname="org.multiverse.collections.NaiveTransactionalLinkedList_peekLastTest" name="whenEmpty" time="0.0010" />
  <testcase classname="org.multiverse.collections.NaiveTransactionalLinkedList_peekLastTest" name="whenSingleItem" time="0.0010" />
  <testcase classname="org.multiverse.collections.NaiveTransactionalLinkedList_peekLastTest" name="whenMultipleItems" time="0.0" />
  <system-out><![CDATA[]]></system-out>
  <system-err><![CDATA[]]></system-err>
</testsuite>
