<?xml version="1.0" encoding="UTF-8"?>
<testsuite errors="0" failures="0" hostname="PVeentjer.local" name="org.multiverse.collections.NaiveTransactionalLinkedList_containsAllTest" tests="9" time="0.012" timestamp="2012-01-23T21:03:21">
  <properties />
  <testcase classname="org.multiverse.collections.NaiveTransactionalLinkedList_containsAllTest" name="whenBothEmpty" time="0.0" />
  <testcase classname="org.multiverse.collections.NaiveTransactionalLinkedList_containsAllTest" name="whenNullCollection_thenNullPointerException" time="0.0" />
  <testcase classname="org.multiverse.collections.NaiveTransactionalLinkedList_containsAllTest" name="whenlistEmpty_andCollectionNonEmpty" time="0.0" />
  <testcase classname="org.multiverse.collections.NaiveTransactionalLinkedList_containsAllTest" name="whenlistNonEmpty_andCollectionEmpty" time="0.0" />
  <testcase classname="org.multiverse.collections.NaiveTransactionalLinkedList_containsAllTest" name="whenExactMatch" time="0.0" />
  <testcase classname="org.multiverse.collections.NaiveTransactionalLinkedList_containsAllTest" name="whenOrderDifferentThanStillMatch" time="0.0" />
  <testcase classname="org.multiverse.collections.NaiveTransactionalLinkedList_containsAllTest" name="whenNoneMatch" time="0.0" />
  <testcase classname="org.multiverse.collections.NaiveTransactionalLinkedList_containsAllTest" name="whenSomeMatch" time="0.0" />
  <testcase classname="org.multiverse.collections.NaiveTransactionalLinkedList_containsAllTest" name="whenSomeElementsNull" time="0.0" />
  <system-out><![CDATA[]]></system-out>
  <system-err><![CDATA[]]></system-err>
</testsuite>
