<?xml version="1.0" encoding="UTF-8"?>
<testsuite errors="0" failures="0" hostname="PVeentjer.local" name="org.multiverse.collections.NaiveTransactionalHashMap_containsKeyTest" tests="4" time="0.0070" timestamp="2012-01-23T21:03:20">
  <properties />
  <testcase classname="org.multiverse.collections.NaiveTransactionalHashMap_containsKeyTest" name="whenEmpty" time="0.0" />
  <testcase classname="org.multiverse.collections.NaiveTransactionalHashMap_containsKeyTest" name="whenNotFound" time="0.0" />
  <testcase classname="org.multiverse.collections.NaiveTransactionalHashMap_containsKeyTest" name="whenFound" time="0.0010" />
  <testcase classname="org.multiverse.collections.NaiveTransactionalHashMap_containsKeyTest" name="whenNullKey_thenReturnFalse" time="0.0010" />
  <system-out><![CDATA[]]></system-out>
  <system-err><![CDATA[]]></system-err>
</testsuite>
