<?xml version="1.0" encoding="UTF-8"?>
<testsuite errors="0" failures="0" hostname="PVeentjer.local" name="org.multiverse.api.blocking.DefaultRetryLatch_awaitTest" tests="7" time="1.011" timestamp="2012-01-23T21:03:10">
  <properties />
  <testcase classname="org.multiverse.api.blocking.DefaultRetryLatch_awaitTest" name="whenAlreadyOpenAndSameEra" time="0.0" />
  <testcase classname="org.multiverse.api.blocking.DefaultRetryLatch_awaitTest" name="whenAlreadyOpenAndDifferentEra" time="0.0" />
  <testcase classname="org.multiverse.api.blocking.DefaultRetryLatch_awaitTest" name="whenClosedButDifferentEra" time="0.0010" />
  <testcase classname="org.multiverse.api.blocking.DefaultRetryLatch_awaitTest" name="whenSomeWaitingIsNeeded" time="0.503" />
  <testcase classname="org.multiverse.api.blocking.DefaultRetryLatch_awaitTest" name="whenStartingInterrupted" time="0.0010" />
  <testcase classname="org.multiverse.api.blocking.DefaultRetryLatch_awaitTest" name="whenInterruptedWhileWaiting" time="0.0" />
  <testcase classname="org.multiverse.api.blocking.DefaultRetryLatch_awaitTest" name="whenResetWhileWaiting_thenSleepingThreadsNotified" time="0.501" />
  <system-out><![CDATA[Multiverse > TestThread-1 completed successfully
Multiverse > TestThread-3 completed successfully
]]></system-out>
  <system-err><![CDATA[]]></system-err>
</testsuite>
