<?xml version="1.0" encoding="UTF-8"?>
<testsuite errors="0" failures="0" hostname="PVeentjer.local" name="org.multiverse.api.blocking.DefaultRetryLatch_openTest" tests="4" time="0.0030" timestamp="2012-01-23T21:03:14">
  <properties />
  <testcase classname="org.multiverse.api.blocking.DefaultRetryLatch_openTest" name="whenAlreadyOpenAndSameEra" time="0.0" />
  <testcase classname="org.multiverse.api.blocking.DefaultRetryLatch_openTest" name="whenAlreadyOpenAndDifferentEra" time="0.0010" />
  <testcase classname="org.multiverse.api.blocking.DefaultRetryLatch_openTest" name="whenClosedAndDifferentEra" time="0.0" />
  <testcase classname="org.multiverse.api.blocking.DefaultRetryLatch_openTest" name="whenClosedAndSameEra" time="0.0" />
  <system-out><![CDATA[]]></system-out>
  <system-err><![CDATA[]]></system-err>
</testsuite>
