<?xml version="1.0" encoding="UTF-8"?>
<testsuite errors="0" failures="0" hostname="PVeentjer.local" name="org.multiverse.api.blocking.DefaultRetryLatch_prepareForPoolingTest" tests="2" time="0.0020" timestamp="2012-01-23T21:03:14">
  <properties />
  <testcase classname="org.multiverse.api.blocking.DefaultRetryLatch_prepareForPoolingTest" name="whenClosed" time="0.0" />
  <testcase classname="org.multiverse.api.blocking.DefaultRetryLatch_prepareForPoolingTest" name="whenOpen" time="0.0" />
  <system-out><![CDATA[]]></system-out>
  <system-err><![CDATA[]]></system-err>
</testsuite>
