<?xml version="1.0" encoding="UTF-8"?>
<testsuite errors="0" failures="0" hostname="PVeentjer.local" name="org.multiverse.api.blocking.DefaultRetryLatch_tryAwaitUninterruptibleTest" tests="12" time="4.015" timestamp="2012-01-23T21:03:16">
  <properties />
  <testcase classname="org.multiverse.api.blocking.DefaultRetryLatch_tryAwaitUninterruptibleTest" name="whenAlreadyOpenAndSameEra" time="0.0" />
  <testcase classname="org.multiverse.api.blocking.DefaultRetryLatch_tryAwaitUninterruptibleTest" name="whenAlreadyOpenAndDifferentEra" time="0.0" />
  <testcase classname="org.multiverse.api.blocking.DefaultRetryLatch_tryAwaitUninterruptibleTest" name="whenClosedButDifferentEra" time="0.0" />
  <testcase classname="org.multiverse.api.blocking.DefaultRetryLatch_tryAwaitUninterruptibleTest" name="whenSomeWaitingIsNeeded" time="0.501" />
  <testcase classname="org.multiverse.api.blocking.DefaultRetryLatch_tryAwaitUninterruptibleTest" name="whenStartingInterrupted" time="1.002" />
  <testcase classname="org.multiverse.api.blocking.DefaultRetryLatch_tryAwaitUninterruptibleTest" name="whenInterruptedWhileWaiting" time="1.002" />
  <testcase classname="org.multiverse.api.blocking.DefaultRetryLatch_tryAwaitUninterruptibleTest" name="whenResetWhileWaiting_thenSleepingThreadsNotified" time="0.501" />
  <testcase classname="org.multiverse.api.blocking.DefaultRetryLatch_tryAwaitUninterruptibleTest" name="testAlreadyOpenAndNulTimeout" time="0.0" />
  <testcase classname="org.multiverse.api.blocking.DefaultRetryLatch_tryAwaitUninterruptibleTest" name="whenStillClosedAndNulTimeout" time="0.0" />
  <testcase classname="org.multiverse.api.blocking.DefaultRetryLatch_tryAwaitUninterruptibleTest" name="whenAlreadyOpenAndNegativeTimeout" time="0.0" />
  <testcase classname="org.multiverse.api.blocking.DefaultRetryLatch_tryAwaitUninterruptibleTest" name="whenStillClosedAndNegativeTimeout" time="0.0" />
  <testcase classname="org.multiverse.api.blocking.DefaultRetryLatch_tryAwaitUninterruptibleTest" name="whenTimeout" time="1.001" />
  <system-out><![CDATA[Multiverse > TestThread-12 completed successfully
Multiverse > TestThread-13 completed successfully
Multiverse > TestThread-14 completed successfully
Multiverse > TestThread-15 completed successfully
Multiverse > TestThread-16 completed successfully
]]></system-out>
  <system-err><![CDATA[]]></system-err>
</testsuite>
