<?xml version="1.0" encoding="UTF-8"?>
<testsuite errors="0" failures="0" hostname="PVeentjer.local" name="org.multiverse.api.predicates.PredicatesTest" tests="5" time="0.0060" timestamp="2012-01-23T21:03:20">
  <properties />
  <testcase classname="org.multiverse.api.predicates.PredicatesTest" name="not_whenNullPredicate_thenNull" time="0.0" />
  <testcase classname="org.multiverse.api.predicates.PredicatesTest" name="not_whenSuccess" time="0.0" />
  <testcase classname="org.multiverse.api.predicates.PredicatesTest" name="and_" time="0.0" />
  <testcase classname="org.multiverse.api.predicates.PredicatesTest" name="testIsNullPredicate" time="0.0020" />
  <testcase classname="org.multiverse.api.predicates.PredicatesTest" name="testIsNotNullPredicate" time="0.0" />
  <system-out><![CDATA[]]></system-out>
  <system-err><![CDATA[]]></system-err>
</testsuite>
