<?xml version="1.0" encoding="UTF-8"?>
<testsuite errors="0" failures="0" hostname="PVeentjer.local" name="org.multiverse.commitbarriers.CountDownCommitBarrier_IntegrationTest" tests="2" time="1.005" timestamp="2012-01-23T21:03:29">
  <properties />
  <testcase classname="org.multiverse.commitbarriers.CountDownCommitBarrier_IntegrationTest" name="testMultipleWaiters" time="1.002" />
  <testcase classname="org.multiverse.commitbarriers.CountDownCommitBarrier_IntegrationTest" name="testSingleWaiter" time="0.0" />
  <system-out><![CDATA[Multiverse > AwaitThread completed successfully
Multiverse > AwaitThread completed successfully
Multiverse > AwaitThread completed successfully
]]></system-out>
  <system-err><![CDATA[]]></system-err>
</testsuite>
