<?xml version="1.0" encoding="UTF-8"?>
<testsuite errors="0" failures="0" hostname="PVeentjer.local" name="org.multiverse.commitbarriers.CountDownCommitBarrier_awaitOpenTest" tests="6" time="1.008" timestamp="2012-01-23T21:03:23">
  <properties />
  <testcase classname="org.multiverse.commitbarriers.CountDownCommitBarrier_awaitOpenTest" name="whenStartInterrupted_thenInterruptedException" time="0.0" />
  <testcase classname="org.multiverse.commitbarriers.CountDownCommitBarrier_awaitOpenTest" name="whenInterruptedWhileWaiting_thenInterruptedException" time="0.0010" />
  <testcase classname="org.multiverse.commitbarriers.CountDownCommitBarrier_awaitOpenTest" name="whenAbortedWhileWaiting" time="0.502" />
  <testcase classname="org.multiverse.commitbarriers.CountDownCommitBarrier_awaitOpenTest" name="whenCommittedWhileWaiting" time="0.502" />
  <testcase classname="org.multiverse.commitbarriers.CountDownCommitBarrier_awaitOpenTest" name="whenCommitted" time="0.0" />
  <testcase classname="org.multiverse.commitbarriers.CountDownCommitBarrier_awaitOpenTest" name="whenAborted" time="0.0" />
  <system-out><![CDATA[Multiverse > TestThread-21 completed successfully
Multiverse > TestThread-22 completed successfully
Multiverse > TestThread-23 completed successfully
]]></system-out>
  <system-err><![CDATA[]]></system-err>
</testsuite>
