<?xml version="1.0" encoding="UTF-8"?>
<testsuite errors="0" failures="0" hostname="PVeentjer.local" name="org.multiverse.commitbarriers.CountDownCommitBarrier_atomicIncPartiesTest" tests="7" time="1.006" timestamp="2012-01-23T21:03:22">
  <properties />
  <testcase classname="org.multiverse.commitbarriers.CountDownCommitBarrier_atomicIncPartiesTest" name="whenNegativeNumber_thenIllegalArgumentException" time="0.0010" />
  <testcase classname="org.multiverse.commitbarriers.CountDownCommitBarrier_atomicIncPartiesTest" name="whenZeroExtraParties" time="0.0" />
  <testcase classname="org.multiverse.commitbarriers.CountDownCommitBarrier_atomicIncPartiesTest" name="whenPositiveNumber" time="0.0" />
  <testcase classname="org.multiverse.commitbarriers.CountDownCommitBarrier_atomicIncPartiesTest" name="whenPartiesAdded_commitTakesLonger" time="0.0" />
  <testcase classname="org.multiverse.commitbarriers.CountDownCommitBarrier_atomicIncPartiesTest" name="whenPendingTransactions" time="1.002" />
  <testcase classname="org.multiverse.commitbarriers.CountDownCommitBarrier_atomicIncPartiesTest" name="whenAborted_thenCommitBarrierOpenException" time="0.0" />
  <testcase classname="org.multiverse.commitbarriers.CountDownCommitBarrier_atomicIncPartiesTest" name="whenCommitted_thenCommitBarrierOpenException" time="0.0" />
  <system-out><![CDATA[]]></system-out>
  <system-err><![CDATA[]]></system-err>
</testsuite>
