<?xml version="1.0" encoding="UTF-8"?>
<testsuite errors="0" failures="0" hostname="PVeentjer.local" name="org.multiverse.collections.NaiveTransactionalLinkedList_set2Test" tests="3" time="0.0030" timestamp="2012-01-23T21:03:21">
  <properties />
  <testcase classname="org.multiverse.collections.NaiveTransactionalLinkedList_set2Test" name="whenIndexTooSmall" time="0.0010" />
  <testcase classname="org.multiverse.collections.NaiveTransactionalLinkedList_set2Test" name="whenIndexTooBig" time="0.0010" />
  <testcase classname="org.multiverse.collections.NaiveTransactionalLinkedList_set2Test" name="whenSuccess" time="0.0" />
  <system-out><![CDATA[]]></system-out>
  <system-err><![CDATA[]]></system-err>
</testsuite>
