<?xml version="1.0" encoding="UTF-8"?>
<testsuite errors="0" failures="0" hostname="PVeentjer.local" name="org.multiverse.commitbarriers.CountDownCommitBarrier_constructorTest" tests="3" time="0.0030" timestamp="2012-01-23T21:03:27">
  <properties />
  <testcase classname="org.multiverse.commitbarriers.CountDownCommitBarrier_constructorTest" name="whenNegativeParties_thenIllegalArgumentException" time="0.0" />
  <testcase classname="org.multiverse.commitbarriers.CountDownCommitBarrier_constructorTest" name="whenZeroParties_thenBarrierCommitted" time="0.0010" />
  <testcase classname="org.multiverse.commitbarriers.CountDownCommitBarrier_constructorTest" name="whenPositiveParties" time="0.0" />
  <system-out><![CDATA[]]></system-out>
  <system-err><![CDATA[]]></system-err>
</testsuite>
