<?xml version="1.0" encoding="UTF-8"?>
<testsuite errors="0" failures="0" hostname="PVeentjer.local" name="org.multiverse.commitbarriers.CountDownCommitBarrier_abortTest" tests="4" time="1.017" timestamp="2012-01-23T21:03:21">
  <properties />
  <testcase classname="org.multiverse.commitbarriers.CountDownCommitBarrier_abortTest" name="whenNoPartiesWaiting" time="0.0060" />
  <testcase classname="org.multiverse.commitbarriers.CountDownCommitBarrier_abortTest" name="whenPartiesWaiting_theyAreAborted" time="1.003" />
  <testcase classname="org.multiverse.commitbarriers.CountDownCommitBarrier_abortTest" name="whenAborted_thenIgnored" time="0.0" />
  <testcase classname="org.multiverse.commitbarriers.CountDownCommitBarrier_abortTest" name="whenCommitted_thenClosedCommitBarrierException" time="0.0010" />
  <system-out><![CDATA[]]></system-out>
  <system-err><![CDATA[]]></system-err>
</testsuite>
