<?xml version="1.0" encoding="UTF-8"?>
<testsuite errors="0" failures="0" hostname="PVeentjer.local" name="org.multiverse.commitbarriers.CountDownCommitBarrier_setTimeoutTest" tests="6" time="7.009" timestamp="2012-01-23T21:03:35">
  <properties />
  <testcase classname="org.multiverse.commitbarriers.CountDownCommitBarrier_setTimeoutTest" name="whenAborted_thenCommitBarrierOpenException" time="0.0" />
  <testcase classname="org.multiverse.commitbarriers.CountDownCommitBarrier_setTimeoutTest" name="whenCommitted_thenCommitBarrierOpenException" time="0.0" />
  <testcase classname="org.multiverse.commitbarriers.CountDownCommitBarrier_setTimeoutTest" name="whenNullTimeUnit_thenNullPointerException" time="0.0020" />
  <testcase classname="org.multiverse.commitbarriers.CountDownCommitBarrier_setTimeoutTest" name="whenTimedOut" time="3.002" />
  <testcase classname="org.multiverse.commitbarriers.CountDownCommitBarrier_setTimeoutTest" name="whenCommittedBeforeTimeout" time="2.0" />
  <testcase classname="org.multiverse.commitbarriers.CountDownCommitBarrier_setTimeoutTest" name="whenAbortedBeforeTimeout" time="2.001" />
  <system-out><![CDATA[]]></system-out>
  <system-err><![CDATA[]]></system-err>
</testsuite>
