<?xml version="1.0" encoding="UTF-8"?>
<testsuite errors="0" failures="0" hostname="PVeentjer.local" name="org.multiverse.collections.NaiveTransactionalLinkedList_get_int_test" tests="4" time="0.0050" timestamp="2012-01-23T21:03:21">
  <properties />
  <testcase classname="org.multiverse.collections.NaiveTransactionalLinkedList_get_int_test" name="whenMultipleItems" time="0.0010" />
  <testcase classname="org.multiverse.collections.NaiveTransactionalLinkedList_get_int_test" name="whenIndexTooSmall" time="0.0010" />
  <testcase classname="org.multiverse.collections.NaiveTransactionalLinkedList_get_int_test" name="whenIndexTooBig" time="0.0010" />
  <testcase classname="org.multiverse.collections.NaiveTransactionalLinkedList_get_int_test" name="whenListContainsSingleItem" time="0.0010" />
  <system-out><![CDATA[]]></system-out>
  <system-err><![CDATA[]]></system-err>
</testsuite>
