<?xml version="1.0" encoding="UTF-8"?>
<testsuite errors="0" failures="0" hostname="PVeentjer.local" name="org.multiverse.collections.NaiveTransactionalHashMap_putTest" tests="4" time="1.172" timestamp="2012-01-23T21:03:20">
  <properties />
  <testcase classname="org.multiverse.collections.NaiveTransactionalHashMap_putTest" name="whenManyItems" time="1.167" />
  <testcase classname="org.multiverse.collections.NaiveTransactionalHashMap_putTest" name="whenEmpty" time="0.0010" />
  <testcase classname="org.multiverse.collections.NaiveTransactionalHashMap_putTest" name="whenReplacingExistingKey" time="0.0" />
  <testcase classname="org.multiverse.collections.NaiveTransactionalHashMap_putTest" name="whenNullKey_thenNullPointerException" time="0.0" />
  <system-out><![CDATA[Finished inserting
Doing content check
]]></system-out>
  <system-err><![CDATA[]]></system-err>
</testsuite>
